{"C:\\Users\\luis saez\\Desktop\\riveras global insurance\\RiverasGlobalInsurance\\API\\src\\app.js": {"path":"C:\\Users\\luis saez\\Desktop\\riveras global insurance\\RiverasGlobalInsurance\\API\\src\\app.js","statementMap":{"0":{"start":{"line":4,"column":13},"end":{"line":4,"column":24}},"1":{"start":{"line":5,"column":0},"end":{"line":7,"column":2}},"2":{"start":{"line":6,"column":4},"end":{"line":6,"column":46}}},"fnMap":{"0":{"name":"(anonymous_0)","decl":{"start":{"line":5,"column":17},"end":{"line":5,"column":18}},"loc":{"start":{"line":5,"column":23},"end":{"line":7,"column":1}},"line":5}},"branchMap":{},"s":{"0":0,"1":0,"2":0},"f":{"0":0},"b":{}}
,"C:\\Users\\luis saez\\Desktop\\riveras global insurance\\RiverasGlobalInsurance\\API\\src\\config\\config.js": {"path":"C:\\Users\\luis saez\\Desktop\\riveras global insurance\\RiverasGlobalInsurance\\API\\src\\config\\config.js","statementMap":{"0":{"start":{"line":2,"column":0},"end":{"line":2,"column":15}}},"fnMap":{},"branchMap":{},"s":{"0":1},"f":{},"b":{},"_coverageSchema":"1a1c01bbd47fc00a2c39e90264f33305004495a9","hash":"f982840af9743535c94c45f5658ef4ccd42fa7de"}
,"C:\\Users\\luis saez\\Desktop\\riveras global insurance\\RiverasGlobalInsurance\\API\\src\\config\\database\\db.js": {"path":"C:\\Users\\luis saez\\Desktop\\riveras global insurance\\RiverasGlobalInsurance\\API\\src\\config\\database\\db.js","statementMap":{"0":{"start":{"line":4,"column":25},"end":{"line":16,"column":1}}},"fnMap":{},"branchMap":{},"s":{"0":1},"f":{},"b":{},"_coverageSchema":"1a1c01bbd47fc00a2c39e90264f33305004495a9","hash":"661e9176199525fc6d6e231db34c9df92e9247fb"}
,"C:\\Users\\luis saez\\Desktop\\riveras global insurance\\RiverasGlobalInsurance\\API\\src\\config\\redis\\redis.config.js": {"path":"C:\\Users\\luis saez\\Desktop\\riveras global insurance\\RiverasGlobalInsurance\\API\\src\\config\\redis\\redis.config.js","statementMap":{"0":{"start":{"line":5,"column":28},"end":{"line":11,"column":2}},"1":{"start":{"line":14,"column":4},"end":{"line":14,"column":32}},"2":{"start":{"line":16,"column":4},"end":{"line":19,"column":6}},"3":{"start":{"line":17,"column":8},"end":{"line":17,"column":32}},"4":{"start":{"line":18,"column":8},"end":{"line":18,"column":58}},"5":{"start":{"line":22,"column":0},"end":{"line":22,"column":24}}},"fnMap":{"0":{"name":"connectionRedis","decl":{"start":{"line":13,"column":15},"end":{"line":13,"column":30}},"loc":{"start":{"line":13,"column":33},"end":{"line":20,"column":1}},"line":13},"1":{"name":"(anonymous_1)","decl":{"start":{"line":16,"column":29},"end":{"line":16,"column":30}},"loc":{"start":{"line":16,"column":38},"end":{"line":19,"column":5}},"line":16}},"branchMap":{},"s":{"0":1,"1":1,"2":1,"3":0,"4":0,"5":1},"f":{"0":1,"1":0},"b":{},"_coverageSchema":"1a1c01bbd47fc00a2c39e90264f33305004495a9","hash":"4a18aa9dce17833ab6a14f96e5138df82ecc30fc"}
,"C:\\Users\\luis saez\\Desktop\\riveras global insurance\\RiverasGlobalInsurance\\API\\src\\controllers\\user.controller.js": {"path":"C:\\Users\\luis saez\\Desktop\\riveras global insurance\\RiverasGlobalInsurance\\API\\src\\controllers\\user.controller.js","statementMap":{"0":{"start":{"line":14,"column":8},"end":{"line":59,"column":9}},"1":{"start":{"line":15,"column":27},"end":{"line":15,"column":52}},"2":{"start":{"line":16,"column":26},"end":{"line":16,"column":66}},"3":{"start":{"line":18,"column":12},"end":{"line":26,"column":13}},"4":{"start":{"line":19,"column":16},"end":{"line":19,"column":63}},"5":{"start":{"line":21,"column":17},"end":{"line":26,"column":13}},"6":{"start":{"line":22,"column":16},"end":{"line":22,"column":71}},"7":{"start":{"line":25,"column":16},"end":{"line":25,"column":125}},"8":{"start":{"line":27,"column":38},"end":{"line":27,"column":46}},"9":{"start":{"line":28,"column":25},"end":{"line":33,"column":14}},"10":{"start":{"line":34,"column":12},"end":{"line":36,"column":13}},"11":{"start":{"line":35,"column":16},"end":{"line":35,"column":144}},"12":{"start":{"line":37,"column":35},"end":{"line":37,"column":84}},"13":{"start":{"line":38,"column":12},"end":{"line":40,"column":13}},"14":{"start":{"line":39,"column":16},"end":{"line":39,"column":144}},"15":{"start":{"line":41,"column":40},"end":{"line":41,"column":77}},"16":{"start":{"line":42,"column":12},"end":{"line":42,"column":50}},"17":{"start":{"line":44,"column":31},"end":{"line":44,"column":44}},"18":{"start":{"line":45,"column":12},"end":{"line":45,"column":54}},"19":{"start":{"line":46,"column":12},"end":{"line":46,"column":44}},"20":{"start":{"line":47,"column":12},"end":{"line":47,"column":51}},"21":{"start":{"line":49,"column":12},"end":{"line":58,"column":13}},"22":{"start":{"line":50,"column":30},"end":{"line":50,"column":96}},"23":{"start":{"line":51,"column":16},"end":{"line":51,"column":66}},"24":{"start":{"line":53,"column":17},"end":{"line":58,"column":13}},"25":{"start":{"line":54,"column":16},"end":{"line":54,"column":66}},"26":{"start":{"line":57,"column":16},"end":{"line":57,"column":58}},"27":{"start":{"line":63,"column":8},"end":{"line":63,"column":39}},"28":{"start":{"line":64,"column":8},"end":{"line":64,"column":17}},"29":{"start":{"line":68,"column":8},"end":{"line":98,"column":9}},"30":{"start":{"line":69,"column":42},"end":{"line":69,"column":50}},"31":{"start":{"line":70,"column":25},"end":{"line":75,"column":14}},"32":{"start":{"line":77,"column":12},"end":{"line":79,"column":13}},"33":{"start":{"line":78,"column":16},"end":{"line":78,"column":42}},"34":{"start":{"line":80,"column":34},"end":{"line":80,"column":57}},"35":{"start":{"line":81,"column":12},"end":{"line":86,"column":13}},"36":{"start":{"line":82,"column":16},"end":{"line":82,"column":97}},"37":{"start":{"line":84,"column":17},"end":{"line":86,"column":13}},"38":{"start":{"line":85,"column":16},"end":{"line":85,"column":95}},"39":{"start":{"line":87,"column":12},"end":{"line":87,"column":40}},"40":{"start":{"line":88,"column":12},"end":{"line":89,"column":33}},"41":{"start":{"line":90,"column":12},"end":{"line":90,"column":85}},"42":{"start":{"line":92,"column":12},"end":{"line":97,"column":13}},"43":{"start":{"line":93,"column":16},"end":{"line":93,"column":66}},"44":{"start":{"line":96,"column":16},"end":{"line":96,"column":58}},"45":{"start":{"line":102,"column":8},"end":{"line":120,"column":9}},"46":{"start":{"line":103,"column":39},"end":{"line":103,"column":63}},"47":{"start":{"line":105,"column":12},"end":{"line":107,"column":13}},"48":{"start":{"line":106,"column":16},"end":{"line":106,"column":99}},"49":{"start":{"line":109,"column":28},"end":{"line":109,"column":77}},"50":{"start":{"line":111,"column":26},"end":{"line":111,"column":48}},"51":{"start":{"line":113,"column":12},"end":{"line":113,"column":39}},"52":{"start":{"line":115,"column":12},"end":{"line":115,"column":30}},"53":{"start":{"line":116,"column":12},"end":{"line":118,"column":13}},"54":{"start":{"line":117,"column":16},"end":{"line":117,"column":66}},"55":{"start":{"line":119,"column":12},"end":{"line":119,"column":54}},"56":{"start":{"line":124,"column":8},"end":{"line":156,"column":9}},"57":{"start":{"line":125,"column":28},"end":{"line":125,"column":36}},"58":{"start":{"line":127,"column":25},"end":{"line":127,"column":95}},"59":{"start":{"line":129,"column":12},"end":{"line":131,"column":13}},"60":{"start":{"line":130,"column":16},"end":{"line":130,"column":102}},"61":{"start":{"line":132,"column":30},"end":{"line":132,"column":66}},"62":{"start":{"line":133,"column":23},"end":{"line":144,"column":13}},"63":{"start":{"line":146,"column":12},"end":{"line":146,"column":78}},"64":{"start":{"line":147,"column":12},"end":{"line":147,"column":42}},"65":{"start":{"line":148,"column":12},"end":{"line":148,"column":29}},"66":{"start":{"line":149,"column":12},"end":{"line":149,"column":79}},"67":{"start":{"line":151,"column":12},"end":{"line":153,"column":13}},"68":{"start":{"line":152,"column":16},"end":{"line":152,"column":66}},"69":{"start":{"line":154,"column":12},"end":{"line":154,"column":78}},"70":{"start":{"line":155,"column":12},"end":{"line":155,"column":62}},"71":{"start":{"line":160,"column":8},"end":{"line":192,"column":9}},"72":{"start":{"line":161,"column":42},"end":{"line":161,"column":50}},"73":{"start":{"line":162,"column":12},"end":{"line":162,"column":33}},"74":{"start":{"line":163,"column":33},"end":{"line":163,"column":43}},"75":{"start":{"line":165,"column":27},"end":{"line":165,"column":44}},"76":{"start":{"line":167,"column":12},"end":{"line":169,"column":13}},"77":{"start":{"line":168,"column":16},"end":{"line":168,"column":90}},"78":{"start":{"line":170,"column":12},"end":{"line":172,"column":13}},"79":{"start":{"line":171,"column":16},"end":{"line":171,"column":97}},"80":{"start":{"line":173,"column":26},"end":{"line":173,"column":56}},"81":{"start":{"line":175,"column":25},"end":{"line":175,"column":49}},"82":{"start":{"line":176,"column":12},"end":{"line":181,"column":13}},"83":{"start":{"line":177,"column":16},"end":{"line":177,"column":89}},"84":{"start":{"line":179,"column":17},"end":{"line":181,"column":13}},"85":{"start":{"line":180,"column":16},"end":{"line":180,"column":89}},"86":{"start":{"line":182,"column":12},"end":{"line":182,"column":40}},"87":{"start":{"line":183,"column":12},"end":{"line":183,"column":41}},"88":{"start":{"line":184,"column":12},"end":{"line":184,"column":29}},"89":{"start":{"line":185,"column":12},"end":{"line":185,"column":85}},"90":{"start":{"line":187,"column":12},"end":{"line":189,"column":13}},"91":{"start":{"line":188,"column":16},"end":{"line":188,"column":66}},"92":{"start":{"line":190,"column":12},"end":{"line":190,"column":77}},"93":{"start":{"line":191,"column":12},"end":{"line":191,"column":62}},"94":{"start":{"line":196,"column":8},"end":{"line":218,"column":9}},"95":{"start":{"line":197,"column":33},"end":{"line":197,"column":43}},"96":{"start":{"line":198,"column":12},"end":{"line":198,"column":35}},"97":{"start":{"line":200,"column":12},"end":{"line":202,"column":13}},"98":{"start":{"line":201,"column":16},"end":{"line":201,"column":92}},"99":{"start":{"line":204,"column":12},"end":{"line":204,"column":53}},"100":{"start":{"line":206,"column":12},"end":{"line":206,"column":58}},"101":{"start":{"line":208,"column":12},"end":{"line":208,"column":30}},"102":{"start":{"line":209,"column":12},"end":{"line":215,"column":13}},"103":{"start":{"line":210,"column":16},"end":{"line":210,"column":66}},"104":{"start":{"line":212,"column":17},"end":{"line":215,"column":13}},"105":{"start":{"line":213,"column":16},"end":{"line":213,"column":85}},"106":{"start":{"line":214,"column":16},"end":{"line":214,"column":66}},"107":{"start":{"line":216,"column":12},"end":{"line":216,"column":79}},"108":{"start":{"line":217,"column":12},"end":{"line":217,"column":62}},"109":{"start":{"line":222,"column":8},"end":{"line":237,"column":9}},"110":{"start":{"line":223,"column":25},"end":{"line":223,"column":53}},"111":{"start":{"line":225,"column":12},"end":{"line":227,"column":13}},"112":{"start":{"line":226,"column":16},"end":{"line":226,"column":84}},"113":{"start":{"line":228,"column":31},"end":{"line":228,"column":44}},"114":{"start":{"line":229,"column":12},"end":{"line":229,"column":51}},"115":{"start":{"line":230,"column":12},"end":{"line":230,"column":51}},"116":{"start":{"line":232,"column":12},"end":{"line":234,"column":13}},"117":{"start":{"line":233,"column":16},"end":{"line":233,"column":66}},"118":{"start":{"line":235,"column":12},"end":{"line":235,"column":78}},"119":{"start":{"line":236,"column":12},"end":{"line":236,"column":62}}},"fnMap":{"0":{"name":"(anonymous_0)","decl":{"start":{"line":13,"column":4},"end":{"line":13,"column":5}},"loc":{"start":{"line":13,"column":33},"end":{"line":60,"column":5}},"line":13},"1":{"name":"(anonymous_1)","decl":{"start":{"line":62,"column":4},"end":{"line":62,"column":5}},"loc":{"start":{"line":62,"column":34},"end":{"line":65,"column":5}},"line":62},"2":{"name":"(anonymous_2)","decl":{"start":{"line":67,"column":4},"end":{"line":67,"column":5}},"loc":{"start":{"line":67,"column":42},"end":{"line":99,"column":5}},"line":67},"3":{"name":"(anonymous_3)","decl":{"start":{"line":101,"column":4},"end":{"line":101,"column":5}},"loc":{"start":{"line":101,"column":40},"end":{"line":121,"column":5}},"line":101},"4":{"name":"(anonymous_4)","decl":{"start":{"line":123,"column":4},"end":{"line":123,"column":5}},"loc":{"start":{"line":123,"column":39},"end":{"line":157,"column":5}},"line":123},"5":{"name":"(anonymous_5)","decl":{"start":{"line":159,"column":4},"end":{"line":159,"column":5}},"loc":{"start":{"line":159,"column":44},"end":{"line":193,"column":5}},"line":159},"6":{"name":"(anonymous_6)","decl":{"start":{"line":195,"column":4},"end":{"line":195,"column":5}},"loc":{"start":{"line":195,"column":39},"end":{"line":219,"column":5}},"line":195},"7":{"name":"(anonymous_7)","decl":{"start":{"line":221,"column":4},"end":{"line":221,"column":5}},"loc":{"start":{"line":221,"column":37},"end":{"line":238,"column":5}},"line":221}},"branchMap":{"0":{"loc":{"start":{"line":18,"column":12},"end":{"line":26,"column":13}},"type":"if","locations":[{"start":{"line":18,"column":12},"end":{"line":26,"column":13}},{"start":{"line":21,"column":17},"end":{"line":26,"column":13}}],"line":18},"1":{"loc":{"start":{"line":21,"column":17},"end":{"line":26,"column":13}},"type":"if","locations":[{"start":{"line":21,"column":17},"end":{"line":26,"column":13}},{"start":{"line":24,"column":17},"end":{"line":26,"column":13}}],"line":21},"2":{"loc":{"start":{"line":34,"column":12},"end":{"line":36,"column":13}},"type":"if","locations":[{"start":{"line":34,"column":12},"end":{"line":36,"column":13}},{"start":{},"end":{}}],"line":34},"3":{"loc":{"start":{"line":38,"column":12},"end":{"line":40,"column":13}},"type":"if","locations":[{"start":{"line":38,"column":12},"end":{"line":40,"column":13}},{"start":{},"end":{}}],"line":38},"4":{"loc":{"start":{"line":49,"column":12},"end":{"line":58,"column":13}},"type":"if","locations":[{"start":{"line":49,"column":12},"end":{"line":58,"column":13}},{"start":{"line":53,"column":17},"end":{"line":58,"column":13}}],"line":49},"5":{"loc":{"start":{"line":53,"column":17},"end":{"line":58,"column":13}},"type":"if","locations":[{"start":{"line":53,"column":17},"end":{"line":58,"column":13}},{"start":{"line":56,"column":17},"end":{"line":58,"column":13}}],"line":53},"6":{"loc":{"start":{"line":77,"column":12},"end":{"line":79,"column":13}},"type":"if","locations":[{"start":{"line":77,"column":12},"end":{"line":79,"column":13}},{"start":{},"end":{}}],"line":77},"7":{"loc":{"start":{"line":81,"column":12},"end":{"line":86,"column":13}},"type":"if","locations":[{"start":{"line":81,"column":12},"end":{"line":86,"column":13}},{"start":{"line":84,"column":17},"end":{"line":86,"column":13}}],"line":81},"8":{"loc":{"start":{"line":84,"column":17},"end":{"line":86,"column":13}},"type":"if","locations":[{"start":{"line":84,"column":17},"end":{"line":86,"column":13}},{"start":{},"end":{}}],"line":84},"9":{"loc":{"start":{"line":92,"column":12},"end":{"line":97,"column":13}},"type":"if","locations":[{"start":{"line":92,"column":12},"end":{"line":97,"column":13}},{"start":{"line":95,"column":17},"end":{"line":97,"column":13}}],"line":92},"10":{"loc":{"start":{"line":105,"column":12},"end":{"line":107,"column":13}},"type":"if","locations":[{"start":{"line":105,"column":12},"end":{"line":107,"column":13}},{"start":{},"end":{}}],"line":105},"11":{"loc":{"start":{"line":116,"column":12},"end":{"line":118,"column":13}},"type":"if","locations":[{"start":{"line":116,"column":12},"end":{"line":118,"column":13}},{"start":{},"end":{}}],"line":116},"12":{"loc":{"start":{"line":129,"column":12},"end":{"line":131,"column":13}},"type":"if","locations":[{"start":{"line":129,"column":12},"end":{"line":131,"column":13}},{"start":{},"end":{}}],"line":129},"13":{"loc":{"start":{"line":151,"column":12},"end":{"line":153,"column":13}},"type":"if","locations":[{"start":{"line":151,"column":12},"end":{"line":153,"column":13}},{"start":{},"end":{}}],"line":151},"14":{"loc":{"start":{"line":167,"column":12},"end":{"line":169,"column":13}},"type":"if","locations":[{"start":{"line":167,"column":12},"end":{"line":169,"column":13}},{"start":{},"end":{}}],"line":167},"15":{"loc":{"start":{"line":170,"column":12},"end":{"line":172,"column":13}},"type":"if","locations":[{"start":{"line":170,"column":12},"end":{"line":172,"column":13}},{"start":{},"end":{}}],"line":170},"16":{"loc":{"start":{"line":176,"column":12},"end":{"line":181,"column":13}},"type":"if","locations":[{"start":{"line":176,"column":12},"end":{"line":181,"column":13}},{"start":{"line":179,"column":17},"end":{"line":181,"column":13}}],"line":176},"17":{"loc":{"start":{"line":179,"column":17},"end":{"line":181,"column":13}},"type":"if","locations":[{"start":{"line":179,"column":17},"end":{"line":181,"column":13}},{"start":{},"end":{}}],"line":179},"18":{"loc":{"start":{"line":187,"column":12},"end":{"line":189,"column":13}},"type":"if","locations":[{"start":{"line":187,"column":12},"end":{"line":189,"column":13}},{"start":{},"end":{}}],"line":187},"19":{"loc":{"start":{"line":200,"column":12},"end":{"line":202,"column":13}},"type":"if","locations":[{"start":{"line":200,"column":12},"end":{"line":202,"column":13}},{"start":{},"end":{}}],"line":200},"20":{"loc":{"start":{"line":209,"column":12},"end":{"line":215,"column":13}},"type":"if","locations":[{"start":{"line":209,"column":12},"end":{"line":215,"column":13}},{"start":{"line":212,"column":17},"end":{"line":215,"column":13}}],"line":209},"21":{"loc":{"start":{"line":212,"column":17},"end":{"line":215,"column":13}},"type":"if","locations":[{"start":{"line":212,"column":17},"end":{"line":215,"column":13}},{"start":{},"end":{}}],"line":212},"22":{"loc":{"start":{"line":212,"column":21},"end":{"line":212,"column":93}},"type":"binary-expr","locations":[{"start":{"line":212,"column":21},"end":{"line":212,"column":55}},{"start":{"line":212,"column":59},"end":{"line":212,"column":93}}],"line":212},"23":{"loc":{"start":{"line":225,"column":12},"end":{"line":227,"column":13}},"type":"if","locations":[{"start":{"line":225,"column":12},"end":{"line":227,"column":13}},{"start":{},"end":{}}],"line":225},"24":{"loc":{"start":{"line":232,"column":12},"end":{"line":234,"column":13}},"type":"if","locations":[{"start":{"line":232,"column":12},"end":{"line":234,"column":13}},{"start":{},"end":{}}],"line":232}},"s":{"0":4,"1":4,"2":4,"3":4,"4":0,"5":4,"6":4,"7":0,"8":4,"9":4,"10":4,"11":2,"12":2,"13":2,"14":0,"15":2,"16":2,"17":2,"18":2,"19":2,"20":2,"21":2,"22":0,"23":0,"24":2,"25":2,"26":0,"27":0,"28":0,"29":2,"30":2,"31":2,"32":2,"33":0,"34":2,"35":2,"36":1,"37":1,"38":0,"39":1,"40":1,"41":1,"42":1,"43":1,"44":0,"45":0,"46":0,"47":0,"48":0,"49":0,"50":0,"51":0,"52":0,"53":0,"54":0,"55":0,"56":3,"57":3,"58":3,"59":3,"60":2,"61":1,"62":1,"63":1,"64":1,"65":1,"66":1,"67":2,"68":2,"69":0,"70":0,"71":0,"72":0,"73":0,"74":0,"75":0,"76":0,"77":0,"78":0,"79":0,"80":0,"81":0,"82":0,"83":0,"84":0,"85":0,"86":0,"87":0,"88":0,"89":0,"90":0,"91":0,"92":0,"93":0,"94":0,"95":0,"96":0,"97":0,"98":0,"99":0,"100":0,"101":0,"102":0,"103":0,"104":0,"105":0,"106":0,"107":0,"108":0,"109":0,"110":0,"111":0,"112":0,"113":0,"114":0,"115":0,"116":0,"117":0,"118":0,"119":0},"f":{"0":4,"1":0,"2":2,"3":0,"4":3,"5":0,"6":0,"7":0},"b":{"0":[0,4],"1":[4,0],"2":[2,2],"3":[0,2],"4":[0,2],"5":[2,0],"6":[0,2],"7":[1,1],"8":[0,1],"9":[1,0],"10":[0,0],"11":[0,0],"12":[2,1],"13":[2,0],"14":[0,0],"15":[0,0],"16":[0,0],"17":[0,0],"18":[0,0],"19":[0,0],"20":[0,0],"21":[0,0],"22":[0,0],"23":[0,0],"24":[0,0]},"_coverageSchema":"1a1c01bbd47fc00a2c39e90264f33305004495a9","hash":"ed5cfc8d7456593ecf3d9de997a2d5ec70d92470"}
,"C:\\Users\\luis saez\\Desktop\\riveras global insurance\\RiverasGlobalInsurance\\API\\src\\middlewares\\authValidator.middleware.js": {"path":"C:\\Users\\luis saez\\Desktop\\riveras global insurance\\RiverasGlobalInsurance\\API\\src\\middlewares\\authValidator.middleware.js","statementMap":{"0":{"start":{"line":7,"column":4},"end":{"line":41,"column":5}},"1":{"start":{"line":9,"column":27},"end":{"line":9,"column":55}},"2":{"start":{"line":11,"column":22},"end":{"line":11,"column":46}},"3":{"start":{"line":13,"column":8},"end":{"line":13,"column":46}},"4":{"start":{"line":13,"column":20},"end":{"line":13,"column":46}},"5":{"start":{"line":15,"column":26},"end":{"line":15,"column":43}},"6":{"start":{"line":17,"column":8},"end":{"line":19,"column":9}},"7":{"start":{"line":18,"column":12},"end":{"line":18,"column":84}},"8":{"start":{"line":21,"column":30},"end":{"line":21,"column":58}},"9":{"start":{"line":23,"column":21},"end":{"line":26,"column":11}},"10":{"start":{"line":28,"column":8},"end":{"line":30,"column":9}},"11":{"start":{"line":29,"column":12},"end":{"line":29,"column":38}},"12":{"start":{"line":32,"column":8},"end":{"line":34,"column":9}},"13":{"start":{"line":33,"column":12},"end":{"line":33,"column":70}},"14":{"start":{"line":35,"column":8},"end":{"line":35,"column":21}},"15":{"start":{"line":36,"column":8},"end":{"line":36,"column":44}},"16":{"start":{"line":37,"column":8},"end":{"line":37,"column":14}},"17":{"start":{"line":39,"column":8},"end":{"line":39,"column":26}},"18":{"start":{"line":40,"column":8},"end":{"line":40,"column":64}}},"fnMap":{"0":{"name":"authValidator","decl":{"start":{"line":6,"column":22},"end":{"line":6,"column":35}},"loc":{"start":{"line":6,"column":49},"end":{"line":42,"column":1}},"line":6}},"branchMap":{"0":{"loc":{"start":{"line":13,"column":8},"end":{"line":13,"column":46}},"type":"if","locations":[{"start":{"line":13,"column":8},"end":{"line":13,"column":46}},{"start":{},"end":{}}],"line":13},"1":{"loc":{"start":{"line":17,"column":8},"end":{"line":19,"column":9}},"type":"if","locations":[{"start":{"line":17,"column":8},"end":{"line":19,"column":9}},{"start":{},"end":{}}],"line":17},"2":{"loc":{"start":{"line":28,"column":8},"end":{"line":30,"column":9}},"type":"if","locations":[{"start":{"line":28,"column":8},"end":{"line":30,"column":9}},{"start":{},"end":{}}],"line":28},"3":{"loc":{"start":{"line":32,"column":8},"end":{"line":34,"column":9}},"type":"if","locations":[{"start":{"line":32,"column":8},"end":{"line":34,"column":9}},{"start":{},"end":{}}],"line":32},"4":{"loc":{"start":{"line":32,"column":11},"end":{"line":32,"column":69}},"type":"binary-expr","locations":[{"start":{"line":32,"column":11},"end":{"line":32,"column":33}},{"start":{"line":32,"column":37},"end":{"line":32,"column":69}}],"line":32}},"s":{"0":4,"1":4,"2":4,"3":4,"4":0,"5":4,"6":4,"7":0,"8":4,"9":4,"10":4,"11":0,"12":4,"13":0,"14":4,"15":4,"16":4,"17":0,"18":0},"f":{"0":4},"b":{"0":[0,4],"1":[0,4],"2":[0,4],"3":[0,4],"4":[4,0]},"_coverageSchema":"1a1c01bbd47fc00a2c39e90264f33305004495a9","hash":"8bd2658841876042da7f70292be4e228dcbcb1f8"}
,"C:\\Users\\luis saez\\Desktop\\riveras global insurance\\RiverasGlobalInsurance\\API\\src\\middlewares\\managerValidator.middleware.js": {"path":"C:\\Users\\luis saez\\Desktop\\riveras global insurance\\RiverasGlobalInsurance\\API\\src\\middlewares\\managerValidator.middleware.js","statementMap":{"0":{"start":{"line":4,"column":19},"end":{"line":4,"column":40}},"1":{"start":{"line":6,"column":4},"end":{"line":8,"column":5}},"2":{"start":{"line":7,"column":8},"end":{"line":7,"column":61}},"3":{"start":{"line":10,"column":4},"end":{"line":10,"column":11}},"4":{"start":{"line":13,"column":34},"end":{"line":25,"column":1}},"5":{"start":{"line":27,"column":40},"end":{"line":34,"column":1}},"6":{"start":{"line":36,"column":37},"end":{"line":48,"column":1}},"7":{"start":{"line":50,"column":36},"end":{"line":58,"column":1}},"8":{"start":{"line":60,"column":36},"end":{"line":66,"column":1}}},"fnMap":{"0":{"name":"validationResultExpress","decl":{"start":{"line":3,"column":9},"end":{"line":3,"column":32}},"loc":{"start":{"line":3,"column":48},"end":{"line":11,"column":1}},"line":3}},"branchMap":{"0":{"loc":{"start":{"line":6,"column":4},"end":{"line":8,"column":5}},"type":"if","locations":[{"start":{"line":6,"column":4},"end":{"line":8,"column":5}},{"start":{},"end":{}}],"line":6}},"s":{"0":16,"1":16,"2":7,"3":9,"4":1,"5":1,"6":1,"7":1,"8":1},"f":{"0":16},"b":{"0":[7,9]},"_coverageSchema":"1a1c01bbd47fc00a2c39e90264f33305004495a9","hash":"36c26a10cf67a91c0090271cc2a32e682a070918"}
,"C:\\Users\\luis saez\\Desktop\\riveras global insurance\\RiverasGlobalInsurance\\API\\src\\models\\user.model.js": {"path":"C:\\Users\\luis saez\\Desktop\\riveras global insurance\\RiverasGlobalInsurance\\API\\src\\models\\user.model.js","statementMap":{"0":{"start":{"line":8,"column":4},"end":{"line":8,"column":27}},"1":{"start":{"line":9,"column":4},"end":{"line":9,"column":74}},"2":{"start":{"line":15,"column":25},"end":{"line":15,"column":54}},"3":{"start":{"line":16,"column":8},"end":{"line":16,"column":39}},"4":{"start":{"line":17,"column":8},"end":{"line":17,"column":26}},"5":{"start":{"line":21,"column":0},"end":{"line":156,"column":2}},"6":{"start":{"line":72,"column":30},"end":{"line":72,"column":40}},"7":{"start":{"line":73,"column":35},"end":{"line":73,"column":81}},"8":{"start":{"line":74,"column":35},"end":{"line":74,"column":81}},"9":{"start":{"line":76,"column":16},"end":{"line":78,"column":17}},"10":{"start":{"line":77,"column":20},"end":{"line":77,"column":63}},"11":{"start":{"line":144,"column":12},"end":{"line":144,"column":70}},"12":{"start":{"line":145,"column":12},"end":{"line":145,"column":68}},"13":{"start":{"line":146,"column":12},"end":{"line":146,"column":54}},"14":{"start":{"line":150,"column":12},"end":{"line":153,"column":13}},"15":{"start":{"line":151,"column":37},"end":{"line":151,"column":77}},"16":{"start":{"line":152,"column":16},"end":{"line":152,"column":48}},"17":{"start":{"line":158,"column":0},"end":{"line":164,"column":2}},"18":{"start":{"line":166,"column":0},"end":{"line":169,"column":2}},"19":{"start":{"line":171,"column":0},"end":{"line":173,"column":1}},"20":{"start":{"line":172,"column":4},"end":{"line":172,"column":21}}},"fnMap":{"0":{"name":"capitalizeAndTrim","decl":{"start":{"line":7,"column":9},"end":{"line":7,"column":26}},"loc":{"start":{"line":7,"column":35},"end":{"line":10,"column":1}},"line":7},"1":{"name":"(anonymous_1)","decl":{"start":{"line":14,"column":4},"end":{"line":14,"column":5}},"loc":{"start":{"line":14,"column":13},"end":{"line":18,"column":5}},"line":14},"2":{"name":"(anonymous_2)","decl":{"start":{"line":71,"column":12},"end":{"line":71,"column":13}},"loc":{"start":{"line":71,"column":27},"end":{"line":79,"column":13}},"line":71},"3":{"name":"(anonymous_3)","decl":{"start":{"line":143,"column":22},"end":{"line":143,"column":23}},"loc":{"start":{"line":143,"column":47},"end":{"line":147,"column":9}},"line":143},"4":{"name":"(anonymous_4)","decl":{"start":{"line":149,"column":20},"end":{"line":149,"column":21}},"loc":{"start":{"line":149,"column":45},"end":{"line":154,"column":9}},"line":149},"5":{"name":"(anonymous_5)","decl":{"start":{"line":171,"column":17},"end":{"line":171,"column":18}},"loc":{"start":{"line":171,"column":29},"end":{"line":173,"column":1}},"line":171}},"branchMap":{"0":{"loc":{"start":{"line":76,"column":16},"end":{"line":78,"column":17}},"type":"if","locations":[{"start":{"line":76,"column":16},"end":{"line":78,"column":17}},{"start":{},"end":{}}],"line":76},"1":{"loc":{"start":{"line":76,"column":20},"end":{"line":76,"column":60}},"type":"binary-expr","locations":[{"start":{"line":76,"column":20},"end":{"line":76,"column":38}},{"start":{"line":76,"column":42},"end":{"line":76,"column":60}}],"line":76},"2":{"loc":{"start":{"line":150,"column":12},"end":{"line":153,"column":13}},"type":"if","locations":[{"start":{"line":150,"column":12},"end":{"line":153,"column":13}},{"start":{},"end":{}}],"line":150}},"s":{"0":0,"1":0,"2":2,"3":2,"4":2,"5":1,"6":0,"7":0,"8":0,"9":0,"10":0,"11":0,"12":0,"13":0,"14":2,"15":1,"16":1,"17":1,"18":1,"19":1,"20":1},"f":{"0":0,"1":2,"2":0,"3":0,"4":2,"5":1},"b":{"0":[0,0],"1":[0,0],"2":[1,1]},"_coverageSchema":"1a1c01bbd47fc00a2c39e90264f33305004495a9","hash":"f4265407941957274ab4d282b6c9739c03068b50"}
,"C:\\Users\\luis saez\\Desktop\\riveras global insurance\\RiverasGlobalInsurance\\API\\src\\models\\userType.model.js": {"path":"C:\\Users\\luis saez\\Desktop\\riveras global insurance\\RiverasGlobalInsurance\\API\\src\\models\\userType.model.js","statementMap":{"0":{"start":{"line":6,"column":0},"end":{"line":21,"column":2}},"1":{"start":{"line":23,"column":0},"end":{"line":25,"column":1}},"2":{"start":{"line":24,"column":4},"end":{"line":24,"column":25}}},"fnMap":{"0":{"name":"(anonymous_0)","decl":{"start":{"line":23,"column":21},"end":{"line":23,"column":22}},"loc":{"start":{"line":23,"column":33},"end":{"line":25,"column":1}},"line":23}},"branchMap":{},"s":{"0":1,"1":1,"2":1},"f":{"0":1},"b":{},"_coverageSchema":"1a1c01bbd47fc00a2c39e90264f33305004495a9","hash":"811e4f1dcd094bd44173eb9818672a91c25ad4ed"}
,"C:\\Users\\luis saez\\Desktop\\riveras global insurance\\RiverasGlobalInsurance\\API\\src\\routes\\user.route.js": {"path":"C:\\Users\\luis saez\\Desktop\\riveras global insurance\\RiverasGlobalInsurance\\API\\src\\routes\\user.route.js","statementMap":{"0":{"start":{"line":6,"column":22},"end":{"line":6,"column":30}},"1":{"start":{"line":8,"column":0},"end":{"line":9,"column":51}},"2":{"start":{"line":11,"column":0},"end":{"line":12,"column":53}},"3":{"start":{"line":14,"column":0},"end":{"line":15,"column":59}},"4":{"start":{"line":17,"column":0},"end":{"line":18,"column":78}},"5":{"start":{"line":20,"column":0},"end":{"line":21,"column":63}},"6":{"start":{"line":23,"column":0},"end":{"line":24,"column":65}},"7":{"start":{"line":26,"column":0},"end":{"line":27,"column":36}},"8":{"start":{"line":29,"column":0},"end":{"line":30,"column":71}}},"fnMap":{},"branchMap":{},"s":{"0":1,"1":1,"2":1,"3":1,"4":1,"5":1,"6":1,"7":1,"8":1},"f":{},"b":{},"_coverageSchema":"1a1c01bbd47fc00a2c39e90264f33305004495a9","hash":"e2ca44d62edf9d9b4e7b9771fc3830b66ca0aa42"}
,"C:\\Users\\luis saez\\Desktop\\riveras global insurance\\RiverasGlobalInsurance\\API\\src\\utils\\exception.util.js": {"path":"C:\\Users\\luis saez\\Desktop\\riveras global insurance\\RiverasGlobalInsurance\\API\\src\\utils\\exception.util.js","statementMap":{"0":{"start":{"line":3,"column":8},"end":{"line":3,"column":22}},"1":{"start":{"line":4,"column":8},"end":{"line":4,"column":33}},"2":{"start":{"line":5,"column":8},"end":{"line":5,"column":24}},"3":{"start":{"line":6,"column":8},"end":{"line":6,"column":24}},"4":{"start":{"line":7,"column":8},"end":{"line":7,"column":55}},"5":{"start":{"line":11,"column":21},"end":{"line":15,"column":9}},"6":{"start":{"line":16,"column":8},"end":{"line":16,"column":20}}},"fnMap":{"0":{"name":"(anonymous_0)","decl":{"start":{"line":2,"column":4},"end":{"line":2,"column":5}},"loc":{"start":{"line":2,"column":37},"end":{"line":8,"column":5}},"line":2},"1":{"name":"(anonymous_1)","decl":{"start":{"line":10,"column":4},"end":{"line":10,"column":5}},"loc":{"start":{"line":10,"column":13},"end":{"line":17,"column":5}},"line":10}},"branchMap":{},"s":{"0":5,"1":5,"2":5,"3":5,"4":5,"5":5,"6":5},"f":{"0":5,"1":5},"b":{},"_coverageSchema":"1a1c01bbd47fc00a2c39e90264f33305004495a9","hash":"f1e0c5ab842a6945aee21fc8c6f76ab429f61296"}
,"C:\\Users\\luis saez\\Desktop\\riveras global insurance\\RiverasGlobalInsurance\\API\\src\\utils\\regexPassword.util.js": {"path":"C:\\Users\\luis saez\\Desktop\\riveras global insurance\\RiverasGlobalInsurance\\API\\src\\utils\\regexPassword.util.js","statementMap":{"0":{"start":{"line":2,"column":18},"end":{"line":2,"column":121}},"1":{"start":{"line":5,"column":15},"end":{"line":5,"column":35}},"2":{"start":{"line":7,"column":4},"end":{"line":9,"column":5}},"3":{"start":{"line":8,"column":8},"end":{"line":8,"column":19}},"4":{"start":{"line":10,"column":4},"end":{"line":10,"column":16}}},"fnMap":{"0":{"name":"regexPassword","decl":{"start":{"line":1,"column":16},"end":{"line":1,"column":29}},"loc":{"start":{"line":1,"column":40},"end":{"line":11,"column":1}},"line":1}},"branchMap":{"0":{"loc":{"start":{"line":7,"column":4},"end":{"line":9,"column":5}},"type":"if","locations":[{"start":{"line":7,"column":4},"end":{"line":9,"column":5}},{"start":{},"end":{}}],"line":7}},"s":{"0":2,"1":2,"2":2,"3":1,"4":1},"f":{"0":2},"b":{"0":[1,1]},"_coverageSchema":"1a1c01bbd47fc00a2c39e90264f33305004495a9","hash":"b706b154b8c05313ec3e762102df33536d953d88"}
,"C:\\Users\\luis saez\\Desktop\\riveras global insurance\\RiverasGlobalInsurance\\API\\src\\utils\\sendEmail.util.js": {"path":"C:\\Users\\luis saez\\Desktop\\riveras global insurance\\RiverasGlobalInsurance\\API\\src\\utils\\sendEmail.util.js","statementMap":{"0":{"start":{"line":6,"column":20},"end":{"line":14,"column":2}},"1":{"start":{"line":17,"column":4},"end":{"line":35,"column":5}},"2":{"start":{"line":18,"column":31},"end":{"line":18,"column":57}},"3":{"start":{"line":20,"column":8},"end":{"line":22,"column":9}},"4":{"start":{"line":21,"column":12},"end":{"line":21,"column":43}},"5":{"start":{"line":24,"column":21},"end":{"line":30,"column":10}},"6":{"start":{"line":32,"column":8},"end":{"line":32,"column":19}},"7":{"start":{"line":34,"column":8},"end":{"line":34,"column":64}}},"fnMap":{"0":{"name":"sendEmail","decl":{"start":{"line":16,"column":22},"end":{"line":16,"column":31}},"loc":{"start":{"line":16,"column":62},"end":{"line":37,"column":1}},"line":16}},"branchMap":{"0":{"loc":{"start":{"line":16,"column":51},"end":{"line":16,"column":60}},"type":"default-arg","locations":[{"start":{"line":16,"column":56},"end":{"line":16,"column":60}}],"line":16},"1":{"loc":{"start":{"line":20,"column":8},"end":{"line":22,"column":9}},"type":"if","locations":[{"start":{"line":20,"column":8},"end":{"line":22,"column":9}},{"start":{},"end":{}}],"line":20}},"s":{"0":1,"1":1,"2":1,"3":1,"4":1,"5":1,"6":1,"7":0},"f":{"0":1},"b":{"0":[1],"1":[1,0]},"_coverageSchema":"1a1c01bbd47fc00a2c39e90264f33305004495a9","hash":"b732673f413a7bef1932685fb4f9191a05032632"}
,"C:\\Users\\luis saez\\Desktop\\riveras global insurance\\RiverasGlobalInsurance\\API\\src\\utils\\syncDatabase.util.js": {"path":"C:\\Users\\luis saez\\Desktop\\riveras global insurance\\RiverasGlobalInsurance\\API\\src\\utils\\syncDatabase.util.js","statementMap":{"0":{"start":{"line":6,"column":4},"end":{"line":11,"column":5}},"1":{"start":{"line":7,"column":8},"end":{"line":7,"column":35}},"2":{"start":{"line":8,"column":8},"end":{"line":8,"column":31}},"3":{"start":{"line":10,"column":8},"end":{"line":10,"column":26}}},"fnMap":{"0":{"name":"syncTables","decl":{"start":{"line":5,"column":22},"end":{"line":5,"column":32}},"loc":{"start":{"line":5,"column":35},"end":{"line":12,"column":1}},"line":5}},"branchMap":{},"s":{"0":1,"1":1,"2":1,"3":0},"f":{"0":1},"b":{},"_coverageSchema":"1a1c01bbd47fc00a2c39e90264f33305004495a9","hash":"b4860a2c9ee0e226edc7ee226e3ca59d49dbc765"}
,"C:\\Users\\luis saez\\Desktop\\riveras global insurance\\RiverasGlobalInsurance\\API\\src\\utils\\tokenManager.util.js": {"path":"C:\\Users\\luis saez\\Desktop\\riveras global insurance\\RiverasGlobalInsurance\\API\\src\\utils\\tokenManager.util.js","statementMap":{"0":{"start":{"line":6,"column":0},"end":{"line":6,"column":15}},"1":{"start":{"line":9,"column":21},"end":{"line":9,"column":33}},"2":{"start":{"line":10,"column":4},"end":{"line":17,"column":5}},"3":{"start":{"line":11,"column":22},"end":{"line":11,"column":84}},"4":{"start":{"line":13,"column":8},"end":{"line":13,"column":32}},"5":{"start":{"line":15,"column":8},"end":{"line":15,"column":26}},"6":{"start":{"line":16,"column":8},"end":{"line":16,"column":77}},"7":{"start":{"line":21,"column":21},"end":{"line":21,"column":38}},"8":{"start":{"line":22,"column":4},"end":{"line":33,"column":5}},"9":{"start":{"line":23,"column":22},"end":{"line":23,"column":84}},"10":{"start":{"line":25,"column":8},"end":{"line":29,"column":10}},"11":{"start":{"line":31,"column":8},"end":{"line":31,"column":26}},"12":{"start":{"line":32,"column":8},"end":{"line":32,"column":84}}},"fnMap":{"0":{"name":"generateToken","decl":{"start":{"line":8,"column":16},"end":{"line":8,"column":29}},"loc":{"start":{"line":8,"column":43},"end":{"line":18,"column":1}},"line":8},"1":{"name":"generateRefreshToken","decl":{"start":{"line":20,"column":17},"end":{"line":20,"column":37}},"loc":{"start":{"line":20,"column":47},"end":{"line":34,"column":1}},"line":20}},"branchMap":{},"s":{"0":1,"1":3,"2":3,"3":3,"4":3,"5":0,"6":0,"7":2,"8":2,"9":2,"10":2,"11":0,"12":0},"f":{"0":3,"1":2},"b":{},"_coverageSchema":"1a1c01bbd47fc00a2c39e90264f33305004495a9","hash":"cb6459f87e5324e587e1ccb62f247c6adc5245ec"}
}
