TN:
SF:src\app.js
FN:5,(anonymous_0)
FNF:1
FNH:0
FNDA:0,(anonymous_0)
DA:4,0
DA:5,0
DA:6,0
LF:3
LH:0
BRF:0
BRH:0
end_of_record
TN:
SF:src\config\config.js
FNF:0
FNH:0
DA:2,1
LF:1
LH:1
BRF:0
BRH:0
end_of_record
TN:
SF:src\config\database\db.js
FNF:0
FNH:0
DA:4,1
LF:1
LH:1
BRF:0
BRH:0
end_of_record
TN:
SF:src\config\redis\redis.config.js
FN:13,connectionRedis
FN:16,(anonymous_1)
FNF:2
FNH:1
FNDA:1,connectionRedis
FNDA:0,(anonymous_1)
DA:5,1
DA:14,1
DA:16,1
DA:17,0
DA:18,0
DA:22,1
LF:6
LH:4
BRF:0
BRH:0
end_of_record
TN:
SF:src\controllers\user.controller.js
FN:13,(anonymous_0)
FN:62,(anonymous_1)
FN:67,(anonymous_2)
FN:101,(anonymous_3)
FN:123,(anonymous_4)
FN:159,(anonymous_5)
FN:195,(anonymous_6)
FN:221,(anonymous_7)
FNF:8
FNH:3
FNDA:4,(anonymous_0)
FNDA:0,(anonymous_1)
FNDA:2,(anonymous_2)
FNDA:0,(anonymous_3)
FNDA:3,(anonymous_4)
FNDA:0,(anonymous_5)
FNDA:0,(anonymous_6)
FNDA:0,(anonymous_7)
DA:14,4
DA:15,4
DA:16,4
DA:18,4
DA:19,0
DA:21,4
DA:22,4
DA:25,0
DA:27,4
DA:28,4
DA:34,4
DA:35,2
DA:37,2
DA:38,2
DA:39,0
DA:41,2
DA:42,2
DA:44,2
DA:45,2
DA:46,2
DA:47,2
DA:49,2
DA:50,0
DA:51,0
DA:53,2
DA:54,2
DA:57,0
DA:63,0
DA:64,0
DA:68,2
DA:69,2
DA:70,2
DA:77,2
DA:78,0
DA:80,2
DA:81,2
DA:82,1
DA:84,1
DA:85,0
DA:87,1
DA:88,1
DA:90,1
DA:92,1
DA:93,1
DA:96,0
DA:102,0
DA:103,0
DA:105,0
DA:106,0
DA:109,0
DA:111,0
DA:113,0
DA:115,0
DA:116,0
DA:117,0
DA:119,0
DA:124,3
DA:125,3
DA:127,3
DA:129,3
DA:130,2
DA:132,1
DA:133,1
DA:146,1
DA:147,1
DA:148,1
DA:149,1
DA:151,2
DA:152,2
DA:154,0
DA:155,0
DA:160,0
DA:161,0
DA:162,0
DA:163,0
DA:165,0
DA:167,0
DA:168,0
DA:170,0
DA:171,0
DA:173,0
DA:175,0
DA:176,0
DA:177,0
DA:179,0
DA:180,0
DA:182,0
DA:183,0
DA:184,0
DA:185,0
DA:187,0
DA:188,0
DA:190,0
DA:191,0
DA:196,0
DA:197,0
DA:198,0
DA:200,0
DA:201,0
DA:204,0
DA:206,0
DA:208,0
DA:209,0
DA:210,0
DA:212,0
DA:213,0
DA:214,0
DA:216,0
DA:217,0
DA:222,0
DA:223,0
DA:225,0
DA:226,0
DA:228,0
DA:229,0
DA:230,0
DA:232,0
DA:233,0
DA:235,0
DA:236,0
LF:120
LH:47
BRDA:18,0,0,0
BRDA:18,0,1,4
BRDA:21,1,0,4
BRDA:21,1,1,0
BRDA:34,2,0,2
BRDA:34,2,1,2
BRDA:38,3,0,0
BRDA:38,3,1,2
BRDA:49,4,0,0
BRDA:49,4,1,2
BRDA:53,5,0,2
BRDA:53,5,1,0
BRDA:77,6,0,0
BRDA:77,6,1,2
BRDA:81,7,0,1
BRDA:81,7,1,1
BRDA:84,8,0,0
BRDA:84,8,1,1
BRDA:92,9,0,1
BRDA:92,9,1,0
BRDA:105,10,0,0
BRDA:105,10,1,0
BRDA:116,11,0,0
BRDA:116,11,1,0
BRDA:129,12,0,2
BRDA:129,12,1,1
BRDA:151,13,0,2
BRDA:151,13,1,0
BRDA:167,14,0,0
BRDA:167,14,1,0
BRDA:170,15,0,0
BRDA:170,15,1,0
BRDA:176,16,0,0
BRDA:176,16,1,0
BRDA:179,17,0,0
BRDA:179,17,1,0
BRDA:187,18,0,0
BRDA:187,18,1,0
BRDA:200,19,0,0
BRDA:200,19,1,0
BRDA:209,20,0,0
BRDA:209,20,1,0
BRDA:212,21,0,0
BRDA:212,21,1,0
BRDA:212,22,0,0
BRDA:212,22,1,0
BRDA:225,23,0,0
BRDA:225,23,1,0
BRDA:232,24,0,0
BRDA:232,24,1,0
BRF:50
BRH:15
end_of_record
TN:
SF:src\middlewares\authValidator.middleware.js
FN:6,authValidator
FNF:1
FNH:1
FNDA:4,authValidator
DA:7,4
DA:9,4
DA:11,4
DA:13,4
DA:15,4
DA:17,4
DA:18,0
DA:21,4
DA:23,4
DA:28,4
DA:29,0
DA:32,4
DA:33,0
DA:35,4
DA:36,4
DA:37,4
DA:39,0
DA:40,0
LF:18
LH:13
BRDA:13,0,0,0
BRDA:13,0,1,4
BRDA:17,1,0,0
BRDA:17,1,1,4
BRDA:28,2,0,0
BRDA:28,2,1,4
BRDA:32,3,0,0
BRDA:32,3,1,4
BRDA:32,4,0,4
BRDA:32,4,1,0
BRF:10
BRH:5
end_of_record
TN:
SF:src\middlewares\managerValidator.middleware.js
FN:3,validationResultExpress
FNF:1
FNH:1
FNDA:16,validationResultExpress
DA:4,16
DA:6,16
DA:7,7
DA:10,9
DA:13,1
DA:27,1
DA:36,1
DA:50,1
DA:60,1
LF:9
LH:9
BRDA:6,0,0,7
BRDA:6,0,1,9
BRF:2
BRH:2
end_of_record
TN:
SF:src\models\user.model.js
FN:7,capitalizeAndTrim
FN:14,(anonymous_1)
FN:71,(anonymous_2)
FN:143,(anonymous_3)
FN:149,(anonymous_4)
FN:171,(anonymous_5)
FNF:6
FNH:3
FNDA:0,capitalizeAndTrim
FNDA:2,(anonymous_1)
FNDA:0,(anonymous_2)
FNDA:0,(anonymous_3)
FNDA:2,(anonymous_4)
FNDA:1,(anonymous_5)
DA:8,0
DA:9,0
DA:15,2
DA:16,2
DA:17,2
DA:21,1
DA:72,0
DA:73,0
DA:74,0
DA:76,0
DA:77,0
DA:144,0
DA:145,0
DA:146,0
DA:150,2
DA:151,1
DA:152,1
DA:158,1
DA:166,1
DA:171,1
DA:172,1
LF:21
LH:11
BRDA:76,0,0,0
BRDA:76,0,1,0
BRDA:76,1,0,0
BRDA:76,1,1,0
BRDA:150,2,0,1
BRDA:150,2,1,1
BRF:6
BRH:2
end_of_record
TN:
SF:src\models\userType.model.js
FN:23,(anonymous_0)
FNF:1
FNH:1
FNDA:1,(anonymous_0)
DA:6,1
DA:23,1
DA:24,1
LF:3
LH:3
BRF:0
BRH:0
end_of_record
TN:
SF:src\routes\user.route.js
FNF:0
FNH:0
DA:6,1
DA:8,1
DA:11,1
DA:14,1
DA:17,1
DA:20,1
DA:23,1
DA:26,1
DA:29,1
LF:9
LH:9
BRF:0
BRH:0
end_of_record
TN:
SF:src\utils\exception.util.js
FN:2,(anonymous_0)
FN:10,(anonymous_1)
FNF:2
FNH:2
FNDA:5,(anonymous_0)
FNDA:5,(anonymous_1)
DA:3,5
DA:4,5
DA:5,5
DA:6,5
DA:7,5
DA:11,5
DA:16,5
LF:7
LH:7
BRF:0
BRH:0
end_of_record
TN:
SF:src\utils\regexPassword.util.js
FN:1,regexPassword
FNF:1
FNH:1
FNDA:2,regexPassword
DA:2,2
DA:5,2
DA:7,2
DA:8,1
DA:10,1
LF:5
LH:5
BRDA:7,0,0,1
BRDA:7,0,1,1
BRF:2
BRH:2
end_of_record
TN:
SF:src\utils\sendEmail.util.js
FN:16,sendEmail
FNF:1
FNH:1
FNDA:1,sendEmail
DA:6,1
DA:17,1
DA:18,1
DA:20,1
DA:21,1
DA:24,1
DA:32,1
DA:34,0
LF:8
LH:7
BRDA:16,0,0,1
BRDA:20,1,0,1
BRDA:20,1,1,0
BRF:3
BRH:2
end_of_record
TN:
SF:src\utils\syncDatabase.util.js
FN:5,syncTables
FNF:1
FNH:1
FNDA:1,syncTables
DA:6,1
DA:7,1
DA:8,1
DA:10,0
LF:4
LH:3
BRF:0
BRH:0
end_of_record
TN:
SF:src\utils\tokenManager.util.js
FN:8,generateToken
FN:20,generateRefreshToken
FNF:2
FNH:2
FNDA:3,generateToken
FNDA:2,generateRefreshToken
DA:6,1
DA:9,3
DA:10,3
DA:11,3
DA:13,3
DA:15,0
DA:16,0
DA:21,2
DA:22,2
DA:23,2
DA:25,2
DA:31,0
DA:32,0
LF:13
LH:9
BRF:0
BRH:0
end_of_record
